----------------------------------------------------------------
Thu Jan 11 15:02:14 IST 2024:
Booting Derby version The Apache Software Foundation - Apache Derby - 10.12.1.1 - (1704137): instance a816c00e-018c-f7dd-71c9-0000077f12b0 
on database directory memory:C:\Users\shadeel\IdeaProjects\MovieTicketBookingSpringBoot\97cdc325-7126-4136-bff5-b3575ab9b5ef with class loader jdk.internal.loader.ClassLoaders$AppClassLoader@76ed5528 
Loaded from file:/C:/Users/shadeel/.gradle/caches/modules-2/files-2.1/org.apache.derby/derby/10.12.1.1/75070c744a8e52a7d17b8b476468580309d5cd09/derby-10.12.1.1.jar
java.vendor=Oracle Corporation
java.runtime.version=21.0.1+12-LTS-29
user.dir=C:\Users\shadeel\IdeaProjects\MovieTicketBookingSpringBoot
os.name=Windows 11
os.arch=amd64
os.version=10.0
derby.system.home=null
Database Class Loader started - derby.database.classpath=''
----------------------------------------------------------------
Thu Jan 11 15:03:50 IST 2024:
Shutting down instance a816c00e-018c-f7dd-71c9-0000077f12b0 on database directory memory:C:\Users\shadeel\IdeaProjects\MovieTicketBookingSpringBoot\97cdc325-7126-4136-bff5-b3575ab9b5ef with class loader jdk.internal.loader.ClassLoaders$AppClassLoader@76ed5528 
----------------------------------------------------------------
Thu Jan 11 15:04:05 IST 2024:
Booting Derby version The Apache Software Foundation - Apache Derby - 10.12.1.1 - (1704137): instance 45b300a8-018c-f7dd-71c9-0000077f12b0 
on database directory memory:C:\Users\shadeel\IdeaProjects\MovieTicketBookingSpringBoot\04b32557-4e5e-4f9b-bfd6-9ddb6df751c3 with class loader jdk.internal.loader.ClassLoaders$AppClassLoader@76ed5528 
Loaded from file:/C:/Users/shadeel/.gradle/caches/modules-2/files-2.1/org.apache.derby/derby/10.12.1.1/75070c744a8e52a7d17b8b476468580309d5cd09/derby-10.12.1.1.jar
java.vendor=Oracle Corporation
java.runtime.version=21.0.1+12-LTS-29
user.dir=C:\Users\shadeel\IdeaProjects\MovieTicketBookingSpringBoot
os.name=Windows 11
os.arch=amd64
os.version=10.0
derby.system.home=null
Database Class Loader started - derby.database.classpath=''
----------------------------------------------------------------
Thu Jan 11 15:04:31 IST 2024:
Shutting down instance 45b300a8-018c-f7dd-71c9-0000077f12b0 on database directory memory:C:\Users\shadeel\IdeaProjects\MovieTicketBookingSpringBoot\04b32557-4e5e-4f9b-bfd6-9ddb6df751c3 with class loader jdk.internal.loader.ClassLoaders$AppClassLoader@76ed5528 
